<?xml version="1.0" encoding="UTF-8"?>
<testng-results skipped="0" failed="0" ignored="0" total="1" passed="1">
  <reporter-output>
  </reporter-output>
  <suite name="Default suite" duration-ms="23" started-at="2020-05-19T20:00:00 EDT" finished-at="2020-05-19T20:00:00 EDT">
    <groups>
    </groups>
    <test name="Default test" duration-ms="23" started-at="2020-05-19T20:00:00 EDT" finished-at="2020-05-19T20:00:00 EDT">
      <class name="com.testNG.class01.DifferentAnnotationsDemo">
        <test-method status="PASS" signature="beforeSuite()[pri:0, instance:com.testNG.class01.DifferentAnnotationsDemo@57536d79]" name="beforeSuite" is-config="true" duration-ms="6" started-at="2020-05-19T20:00:00 EDT" finished-at="2020-05-19T20:00:00 EDT">
          <reporter-output>
          </reporter-output>
        </test-method> <!-- beforeSuite -->
        <test-method status="PASS" signature="beforeTest()[pri:0, instance:com.testNG.class01.DifferentAnnotationsDemo@57536d79]" name="beforeTest" is-config="true" duration-ms="0" started-at="2020-05-19T20:00:00 EDT" finished-at="2020-05-19T20:00:00 EDT">
          <reporter-output>
          </reporter-output>
        </test-method> <!-- beforeTest -->
        <test-method status="PASS" signature="beforeClass()[pri:0, instance:com.testNG.class01.DifferentAnnotationsDemo@57536d79]" name="beforeClass" is-config="true" duration-ms="0" started-at="2020-05-19T20:00:00 EDT" finished-at="2020-05-19T20:00:00 EDT">
          <reporter-output>
          </reporter-output>
        </test-method> <!-- beforeClass -->
        <test-method status="PASS" signature="beforeMethod()[pri:0, instance:com.testNG.class01.DifferentAnnotationsDemo@57536d79]" name="beforeMethod" is-config="true" duration-ms="1" started-at="2020-05-19T20:00:00 EDT" finished-at="2020-05-19T20:00:00 EDT">
          <reporter-output>
          </reporter-output>
        </test-method> <!-- beforeMethod -->
        <test-method status="PASS" signature="actualTest()[pri:0, instance:com.testNG.class01.DifferentAnnotationsDemo@57536d79]" name="actualTest" duration-ms="4" started-at="2020-05-19T20:00:00 EDT" finished-at="2020-05-19T20:00:00 EDT">
          <reporter-output>
          </reporter-output>
        </test-method> <!-- actualTest -->
        <test-method status="PASS" signature="afterMethod()[pri:0, instance:com.testNG.class01.DifferentAnnotationsDemo@57536d79]" name="afterMethod" is-config="true" duration-ms="0" started-at="2020-05-19T20:00:00 EDT" finished-at="2020-05-19T20:00:00 EDT">
          <reporter-output>
          </reporter-output>
        </test-method> <!-- afterMethod -->
        <test-method status="PASS" signature="afterClass()[pri:0, instance:com.testNG.class01.DifferentAnnotationsDemo@57536d79]" name="afterClass" is-config="true" duration-ms="0" started-at="2020-05-19T20:00:00 EDT" finished-at="2020-05-19T20:00:00 EDT">
          <reporter-output>
          </reporter-output>
        </test-method> <!-- afterClass -->
        <test-method status="PASS" signature="afterTest()[pri:0, instance:com.testNG.class01.DifferentAnnotationsDemo@57536d79]" name="afterTest" is-config="true" duration-ms="1" started-at="2020-05-19T20:00:00 EDT" finished-at="2020-05-19T20:00:00 EDT">
          <reporter-output>
          </reporter-output>
        </test-method> <!-- afterTest -->
        <test-method status="PASS" signature="afterSuite()[pri:0, instance:com.testNG.class01.DifferentAnnotationsDemo@57536d79]" name="afterSuite" is-config="true" duration-ms="0" started-at="2020-05-19T20:00:00 EDT" finished-at="2020-05-19T20:00:00 EDT">
          <reporter-output>
          </reporter-output>
        </test-method> <!-- afterSuite -->
      </class> <!-- com.testNG.class01.DifferentAnnotationsDemo -->
    </test> <!-- Default test -->
  </suite> <!-- Default suite -->
</testng-results>
